Log file open, 11/02/18 16:53:58
LogWindows: Failed to load 'aqProf.dll' (GetLastError=126)
LogWindows: File 'aqProf.dll' does not exist
LogWindows: Failed to load 'VSPerf140.dll' (GetLastError=126)
LogWindows: File 'VSPerf140.dll' does not exist
LogWindows: Failed to load 'VtuneApi.dll' (GetLastError=126)
LogWindows: File 'VtuneApi.dll' does not exist
LogWindows: Failed to load 'VtuneApi32e.dll' (GetLastError=126)
LogWindows: File 'VtuneApi32e.dll' does not exist
LogInit: Display: Running engine for game: PandoraGeometry
LogPlatformFile: Not using cached read wrapper
LogTaskGraph: Started task graph with 5 named threads and 14 total threads with 3 sets of task threads.
LogStats: Stats thread started at 0.259556
LogD3D11RHI: Loaded GFSDK_Aftermath_Lib.x64.dll
LogICUInternationalization: Display: ICU TimeZone Detection - Raw Offset: -3:00, Platform Override: ''
LogPluginManager: Mounting plugin Paper2D
LogPluginManager: Mounting plugin AISupport
LogPluginManager: Mounting plugin LightPropagationVolume
LogPluginManager: Mounting plugin CLionSourceCodeAccess
LogPluginManager: Mounting plugin CodeLiteSourceCodeAccess
LogPluginManager: Mounting plugin GitSourceControl
LogPluginManager: Mounting plugin KDevelopSourceCodeAccess
LogPluginManager: Mounting plugin NullSourceCodeAccess
LogPluginManager: Mounting plugin PerforceSourceControl
LogPluginManager: Mounting plugin SubversionSourceControl
LogPluginManager: Mounting plugin UObjectPlugin
LogPluginManager: Mounting plugin VisualStudioCodeSourceCodeAccess
LogPluginManager: Mounting plugin VisualStudioSourceCodeAccess
LogPluginManager: Mounting plugin XCodeSourceCodeAccess
LogPluginManager: Mounting plugin AssetManagerEditor
LogPluginManager: Mounting plugin CryptoKeys
LogPluginManager: Mounting plugin DataValidation
LogPluginManager: Mounting plugin FacialAnimation
LogPluginManager: Mounting plugin GameplayTagsEditor
LogPluginManager: Mounting plugin MacGraphicsSwitching
LogPluginManager: Mounting plugin MeshEditor
LogPluginManager: Mounting plugin MobileLauncherProfileWizard
LogPluginManager: Mounting plugin PluginBrowser
LogPluginManager: Mounting plugin SpeedTreeImporter
LogPluginManager: Mounting plugin DatasmithContent
LogPluginManager: Mounting plugin AlembicImporter
LogPluginManager: Mounting plugin AppleImageUtils
LogPluginManager: Mounting plugin AppleVision
LogPluginManager: Mounting plugin BackChannel
LogPluginManager: Mounting plugin CharacterAI
LogPluginManager: Mounting plugin GeometryCache
LogPluginManager: Mounting plugin HTML5Networking
LogPluginManager: Mounting plugin ProxyLODPlugin
LogPluginManager: Mounting plugin MagicLeap
LogPluginManager: Mounting plugin MagicLeapEmulator
LogPluginManager: Mounting plugin MagicLeapMedia
LogPluginManager: Mounting plugin AndroidMedia
LogPluginManager: Mounting plugin AvfMedia
LogPluginManager: Mounting plugin ImgMedia
LogPluginManager: Mounting plugin LinearTimecode
LogPluginManager: Mounting plugin MediaCompositing
LogPluginManager: Mounting plugin MediaPlayerEditor
LogPluginManager: Mounting plugin WmfMedia
LogPluginManager: Mounting plugin TcpMessaging
LogPluginManager: Mounting plugin UdpMessaging
LogPluginManager: Mounting plugin ActorSequence
LogPluginManager: Mounting plugin LevelSequenceEditor
LogPluginManager: Mounting plugin MatineeToLevelSequence
LogPluginManager: Mounting plugin NetcodeUnitTest
LogPluginManager: Mounting plugin NUTUnrealEngine4
LogPluginManager: Mounting plugin OnlineSubsystemGooglePlay
LogPluginManager: Mounting plugin OnlineSubsystemIOS
LogPluginManager: Mounting plugin OnlineSubsystem
LogPluginManager: Mounting plugin OnlineSubsystemNull
LogPluginManager: Mounting plugin OnlineSubsystemUtils
LogPluginManager: Mounting plugin LauncherChunkInstaller
LogPluginManager: Mounting plugin AndroidDeviceProfileSelector
LogPluginManager: Mounting plugin AndroidMoviePlayer
LogPluginManager: Mounting plugin AndroidPermission
LogPluginManager: Mounting plugin AppleMoviePlayer
LogPluginManager: Mounting plugin ArchVisCharacter
LogPluginManager: Mounting plugin AudioCapture
LogPluginManager: Mounting plugin CableComponent
LogPluginManager: Mounting plugin CustomMeshComponent
LogPluginManager: Mounting plugin EditableMesh
LogPluginManager: Mounting plugin ExampleDeviceProfileSelector
LogPluginManager: Mounting plugin GoogleCloudMessaging
LogPluginManager: Mounting plugin ImmediatePhysics
LogPluginManager: Mounting plugin IOSDeviceProfileSelector
LogPluginManager: Mounting plugin LinuxDeviceProfileSelector
LogPluginManager: Mounting plugin LocationServicesBPLibrary
LogPluginManager: Mounting plugin MobilePatchingUtils
LogPluginManager: Mounting plugin OculusVR
LogPluginManager: Plugin shader directory ../../../Engine/Plugins/Runtime/Oculus/OculusVR/Shaders found
LogPluginManager: Mapping shader source directory ../../../Engine/Plugins/Runtime/Oculus/OculusVR/Shaders to virtual directory /Plugin/OculusVR
LogPluginManager: Mounting plugin PhysXVehicles
LogPluginManager: Mounting plugin ProceduralMeshComponent
LogPluginManager: Mounting plugin RuntimePhysXCooking
LogPluginManager: Mounting plugin SteamVR
LogPluginManager: Mounting plugin WindowsMoviePlayer
LogStreaming: Display: Took  0.296s to configure plugins.
LogInit: Using libcurl 7.55.1-DEV
LogInit:  - built for x86_64-pc-win32
LogInit:  - supports SSL with OpenSSL/1.0.2h
LogInit:  - supports HTTP deflate (compression) using libz 1.2.8
LogInit:  - other features:
LogInit:      CURL_VERSION_SSL
LogInit:      CURL_VERSION_LIBZ
LogInit:      CURL_VERSION_IPV6
LogInit:      CURL_VERSION_ASYNCHDNS
LogInit:      CURL_VERSION_LARGEFILE
LogInit:      CURL_VERSION_IDN
LogInit:  CurlRequestOptions (configurable via config and command line):
LogInit:  - bVerifyPeer = false  - Libcurl will NOT verify peer certificate
LogInit:  - bUseHttpProxy = false  - Libcurl will NOT use HTTP proxy
LogInit:  - bDontReuseConnections = false  - Libcurl will reuse connections
LogInit:  - CertBundlePath = nullptr  - Libcurl will use whatever was configured at build time.
LogInit:  - MaxHostConnections = 16  - Libcurl will limit the number of connections to a host
LogInit:  - LocalHostAddr = Default
LogInit:  - BufferSize = 65536
LogInit: WinSock: version 1.1 (2.2), MaxSocks=32767, MaxUdp=65467
LogInit: Build: ++UE4+Release-4.20-CL-4233996
LogInit: Engine Version: 4.20.1-4233996+++UE4+Release-4.20
LogInit: Compatible Engine Version: 4.20.0-4212847+++UE4+Release-4.20
LogInit: Net CL: 4212847
LogInit: OS: Windows 10 (), CPU: Intel(R) Core(TM)2 Quad CPU    Q8400  @ 2.66GHz, GPU: NVIDIA GeForce GTX 750 Ti
LogInit: Compiled (64-bit): Jul 26 2018 10:07:30
LogInit: Compiled with Visual C++: 19.13.26129.00
LogInit: Build Configuration: Development
LogInit: Branch Name: ++UE4+Release-4.20
LogInit: Command Line:  
LogInit: Base Directory: C:/Program Files/Epic Games/UE_4.20/Engine/Binaries/Win64/
LogInit: Installed Engine Build: 1
LogDevObjectVersion: Number of dev versions registered: 20
LogDevObjectVersion:   Dev-Blueprints (B0D832E4-1F89-4F0D-ACCF-7EB736FD4AA2): 10
LogDevObjectVersion:   Dev-Build (E1C64328-A22C-4D53-A36C-8E866417BD8C): 0
LogDevObjectVersion:   Dev-Core (375EC13C-06E4-48FB-B500-84F0262A717E): 2
LogDevObjectVersion:   Dev-Editor (E4B068ED-F494-42E9-A231-DA0B2E46BB41): 24
LogDevObjectVersion:   Dev-Framework (CFFC743F-43B0-4480-9391-14DF171D2073): 34
LogDevObjectVersion:   Dev-Mobile (B02B49B5-BB20-44E9-A304-32B752E40360): 2
LogDevObjectVersion:   Dev-Networking (A4E4105C-59A1-49B5-A7C5-40C4547EDFEE): 0
LogDevObjectVersion:   Dev-Online (39C831C9-5AE6-47DC-9A44-9C173E1C8E7C): 0
LogDevObjectVersion:   Dev-Physics (78F01B33-EBEA-4F98-B9B4-84EACCB95AA2): 0
LogDevObjectVersion:   Dev-Platform (6631380F-2D4D-43E0-8009-CF276956A95A): 0
LogDevObjectVersion:   Dev-Rendering (12F88B9F-8875-4AFC-A67C-D90C383ABD29): 26
LogDevObjectVersion:   Dev-Sequencer (7B5AE74C-D270-4C10-A958-57980B212A5A): 9
LogDevObjectVersion:   Dev-VR (D7296918-1DD6-4BDD-9DE2-64A83CC13884): 2
LogDevObjectVersion:   Dev-LoadTimes (C2A15278-BFE7-4AFE-6C17-90FF531DF755): 1
LogDevObjectVersion:   Private-Geometry (6EACA3D4-40EC-4CC1-B786-8BED09428FC5): 3
LogDevObjectVersion:   Dev-AnimPhys (29E575DD-E0A3-4627-9D10-D276232CDCEA): 17
LogDevObjectVersion:   Dev-ReflectionCapture (6B266CEC-1EC7-4B8F-A30B-E4D90942FC07): 1
LogDevObjectVersion:   Dev-Automation (0DF73D61-A23F-47EA-B727-89E90C41499A): 1
LogDevObjectVersion:   FortniteMain (601D1886-AC64-4F84-AA16-D3DE0DEAC7D6): 12
LogDevObjectVersion:   Dev-Enterprise (9DFFBCD6-494F-0158-E221-12823C92A888): 1
LogStreaming: Display: Took  0.042s to delete old logs.
LogInit: Presizing for max 8388607 objects, including 0 objects not considered by GC, pre-allocating 0 bytes for permanent pool.
LogInit: Object subsystem initialized
[2018.11.02-19.53.59:072][  0]LogInit: Selected Device Profile: [Windows]
[2018.11.02-19.53.59:072][  0]LogInit: Applying CVar settings loaded from the selected device profile: [Windows]
[2018.11.02-19.53.59:124][  0]LogHAL: Display: Platform has ~ 8 GB [8588935168 / 8589934592 / 8], which maps to Default [LargestMinGB=32, LargerMinGB=12, DefaultMinGB=8, SmallerMinGB=6, SmallestMinGB=0)
[2018.11.02-19.53.59:124][  0]LogInit: Setting Device Profile CVar: [[r.Vulkan.UseRealUBs:1]]
[2018.11.02-19.53.59:124][  0]LogInit: Going up to parent DeviceProfile []
[2018.11.02-19.53.59:125][  0]LogInit: Computer: DESKTOP-EKIKOC5
[2018.11.02-19.53.59:125][  0]LogInit: User: gabri
[2018.11.02-19.53.59:125][  0]LogInit: CPU Page size=4096, Cores=4
[2018.11.02-19.53.59:125][  0]LogInit: High frequency timer resolution =2.608595 MHz
[2018.11.02-19.53.59:126][  0]LogMemory: Memory total: Physical=8.0GB (8GB approx)
[2018.11.02-19.53.59:126][  0]LogMemory: Platform Memory Stats for Windows
[2018.11.02-19.53.59:126][  0]LogMemory: Process Physical Memory: 98.99 MB used, 98.99 MB peak
[2018.11.02-19.53.59:126][  0]LogMemory: Process Virtual Memory: 82.73 MB used, 82.73 MB peak
[2018.11.02-19.53.59:126][  0]LogMemory: Physical Memory: 4558.52 MB used,  3632.52 MB free, 8191.05 MB total
[2018.11.02-19.53.59:126][  0]LogMemory: Virtual Memory: 4618.69 MB used,  3632.52 MB free, 134217728.00 MB total
[2018.11.02-19.53.59:196][  0]LogInit: Overriding language with editor language configuration option (en).
[2018.11.02-19.53.59:196][  0]LogInit: Overriding locale with editor locale configuration option (en).
[2018.11.02-19.53.59:901][  0]LogStreaming: Display: Took  0.706s to InitEngineTextLocalization.
[2018.11.02-19.53.59:902][  0]LogInit: Setting process to per monitor DPI aware
[2018.11.02-19.53.59:980][  0]LogSlate: New Slate User Created.  User Index 0, Is Virtual User: 0
[2018.11.02-19.53.59:980][  0]LogSlate: Slate User Registered.  User Index 0, Is Virtual User: 0
[2018.11.02-19.54.00:352][  0]LogHMD: Failed to initialize OpenVR with code 110
[2018.11.02-19.54.00:352][  0]LogD3D11RHI: D3D11 adapters:
[2018.11.02-19.54.00:394][  0]LogD3D11RHI:    0. 'NVIDIA GeForce GTX 750 Ti' (Feature Level 11_0)
[2018.11.02-19.54.00:394][  0]LogD3D11RHI:       2016/0/4095 MB DedicatedVideo/DedicatedSystem/SharedSystem, Outputs:2, VendorId:0x10de
[2018.11.02-19.54.00:398][  0]LogD3D11RHI:    1. 'Microsoft Basic Render Driver' (Feature Level 11_0)
[2018.11.02-19.54.00:398][  0]LogD3D11RHI:       0/0/4095 MB DedicatedVideo/DedicatedSystem/SharedSystem, Outputs:0, VendorId:0x1414
[2018.11.02-19.54.00:398][  0]LogD3D11RHI: Chosen D3D11 Adapter: 0
[2018.11.02-19.54.00:410][  0]LogD3D11RHI: Creating new Direct3DDevice
[2018.11.02-19.54.00:410][  0]LogD3D11RHI:     GPU DeviceId: 0x1392 (for the marketing name, search the web for "GPU Device Id")
[2018.11.02-19.54.00:410][  0]LogWindows: EnumDisplayDevices:
[2018.11.02-19.54.00:410][  0]LogWindows:    0. 'NVIDIA GeForce GTX 750 Ti' (P:1 D:1)
[2018.11.02-19.54.00:411][  0]LogWindows:    1. 'NVIDIA GeForce GTX 750 Ti' (P:0 D:1)
[2018.11.02-19.54.00:411][  0]LogWindows:    2. 'NVIDIA GeForce GTX 750 Ti' (P:0 D:0)
[2018.11.02-19.54.00:411][  0]LogWindows: DebugString: FoundDriverCount:3 
[2018.11.02-19.54.00:411][  0]LogD3D11RHI:     Adapter Name: NVIDIA GeForce GTX 750 Ti
[2018.11.02-19.54.00:411][  0]LogD3D11RHI:   Driver Version: 376.54 (internal:21.21.13.7654, unified:376.54)
[2018.11.02-19.54.00:411][  0]LogD3D11RHI:      Driver Date: 12-29-2016
[2018.11.02-19.54.00:411][  0]LogRHI: Texture pool is 1411 MB (70% of 2016 MB)
[2018.11.02-19.54.00:440][  0]LogD3D11RHI: Async texture creation enabled
[2018.11.02-19.54.00:456][  0]LogD3D11RHI: GPU Timing Frequency: 1000.000000 (Debug: 2 1)
[2018.11.02-19.54.00:559][  0]LogShaderCompilers: Guid format shader working directory is -31 characters bigger than the processId version (../../../../../../Users/gabri/Desktop/Achei bom, Criativo/TCC/PandoraGeometry/Intermediate/Shaders/WorkingDirectory/6152/).
[2018.11.02-19.54.00:559][  0]LogShaderCompilers: Cleaned the shader compiler working directory 'C:/Users/gabri/AppData/Local/Temp/UnrealShaderWorkingDir/B50958CA40B6430FAF53EB9618AE8CBB/'.
[2018.11.02-19.54.01:114][  0]LogTemp: Display: Loaded TP AllDesktopTargetPlatform
[2018.11.02-19.54.01:142][  0]LogTemp: Display: Loaded TP MacClientTargetPlatform
[2018.11.02-19.54.01:169][  0]LogTemp: Display: Loaded TP MacNoEditorTargetPlatform
[2018.11.02-19.54.01:198][  0]LogTemp: Display: Loaded TP MacServerTargetPlatform
[2018.11.02-19.54.01:227][  0]LogTemp: Display: Loaded TP MacTargetPlatform
[2018.11.02-19.54.01:255][  0]LogTemp: Display: Loaded TP WindowsClientTargetPlatform
[2018.11.02-19.54.01:282][  0]LogTemp: Display: Loaded TP WindowsNoEditorTargetPlatform
[2018.11.02-19.54.01:310][  0]LogTemp: Display: Loaded TP WindowsServerTargetPlatform
[2018.11.02-19.54.01:324][  0]LogTemp: Display: Loaded TP WindowsTargetPlatform
[2018.11.02-19.54.01:500][  0]LogTemp: Display: Loaded TP AndroidTargetPlatform
[2018.11.02-19.54.01:500][  0]LogTemp: Display: Loaded TP AndroidTargetPlatform
[2018.11.02-19.54.01:500][  0]LogTemp: Display: Loaded TP AndroidTargetPlatform
[2018.11.02-19.54.01:500][  0]LogTemp: Display: Loaded TP AndroidTargetPlatform
[2018.11.02-19.54.01:500][  0]LogTemp: Display: Loaded TP AndroidTargetPlatform
[2018.11.02-19.54.01:500][  0]LogTemp: Display: Loaded TP AndroidTargetPlatform
[2018.11.02-19.54.01:500][  0]LogTemp: Display: Loaded TP AndroidTargetPlatform
[2018.11.02-19.54.01:501][  0]LogTemp: Display: Loaded TP AndroidTargetPlatform
[2018.11.02-19.54.01:501][  0]LogTemp: Display: Loaded TP AndroidTargetPlatform
[2018.11.02-19.54.01:501][  0]LogTemp: Display: Loaded TP AndroidTargetPlatform
[2018.11.02-19.54.01:501][  0]LogTemp: Display: Loaded TP AndroidTargetPlatform
[2018.11.02-19.54.01:501][  0]LogTemp: Display: Loaded TP AndroidTargetPlatform
[2018.11.02-19.54.01:501][  0]LogTemp: Display: Loaded TP AndroidTargetPlatform
[2018.11.02-19.54.01:501][  0]LogTemp: Display: Loaded TP AndroidTargetPlatform
[2018.11.02-19.54.01:501][  0]LogTemp: Display: Loaded TP AndroidTargetPlatform
[2018.11.02-19.54.01:501][  0]LogTemp: Display: Loaded TP AndroidTargetPlatform
[2018.11.02-19.54.01:501][  0]LogTemp: Display: Loaded TP AndroidTargetPlatform
[2018.11.02-19.54.01:501][  0]LogTemp: Display: Loaded TP AndroidTargetPlatform
[2018.11.02-19.54.01:504][  0]LogTemp: Display: Loaded TP HTML5TargetPlatform
[2018.11.02-19.54.01:597][  0]LogTemp: Display: Loaded TP IOSTargetPlatform
[2018.11.02-19.54.01:597][  0]LogTemp: Display: Loaded TP IOSTargetPlatform
[2018.11.02-19.54.01:647][  0]LogTemp: Display: Loaded TP TVOSTargetPlatform
[2018.11.02-19.54.01:647][  0]LogTemp: Display: Loaded TP TVOSTargetPlatform
[2018.11.02-19.54.01:673][  0]LogTemp: Display: Loaded TP LinuxClientTargetPlatform
[2018.11.02-19.54.01:700][  0]LogTemp: Display: Loaded TP LinuxNoEditorTargetPlatform
[2018.11.02-19.54.01:729][  0]LogTemp: Display: Loaded TP LinuxServerTargetPlatform
[2018.11.02-19.54.01:757][  0]LogTemp: Display: Loaded TP LinuxTargetPlatform
[2018.11.02-19.54.01:777][  0]LogTemp: Display: Loaded TP LuminTargetPlatform
[2018.11.02-19.54.01:777][  0]LogTargetPlatformManager: Display: Building Assets For Windows
[2018.11.02-19.54.01:922][  0]LogXGEController: Cleaning working directory: C:/Users/gabri/AppData/Local/Temp/UnrealXGEWorkingDir/
[2018.11.02-19.54.01:922][  0]LogXGEController: Cannot use XGE Controller as Incredibuild is not installed on this machine.
[2018.11.02-19.54.01:922][  0]LogShaderCompilers: Cannot use XGE Shader Compiler as Incredibuild is not installed on this machine.
[2018.11.02-19.54.01:922][  0]LogShaderCompilers: Display: Using Local Shader Compiler.
[2018.11.02-19.54.04:492][  0]LogDerivedDataCache: Display: Max Cache Size: 512 MB
[2018.11.02-19.54.04:816][  0]LogDerivedDataCache: Loaded boot cache 0.32s 71MB C:/Users/gabri/AppData/Local/UnrealEngine/4.20/DerivedDataCache/Boot.ddc.
[2018.11.02-19.54.04:817][  0]LogDerivedDataCache: Display: Loaded Boot cache: C:/Users/gabri/AppData/Local/UnrealEngine/4.20/DerivedDataCache/Boot.ddc
[2018.11.02-19.54.04:817][  0]LogDerivedDataCache: FDerivedDataBackendGraph:  Pak pak cache file ../../../../../../Users/gabri/Desktop/Achei bom, Criativo/TCC/PandoraGeometry/DerivedDataCache/DDC.ddp not found, will not use a pak cache.
[2018.11.02-19.54.04:817][  0]LogDerivedDataCache: Unable to find inner node Pak for hierarchical cache Hierarchy.
[2018.11.02-19.54.04:817][  0]LogDerivedDataCache: FDerivedDataBackendGraph:  CompressedPak pak cache file ../../../../../../Users/gabri/Desktop/Achei bom, Criativo/TCC/PandoraGeometry/DerivedDataCache/Compressed.ddp not found, will not use a pak cache.
[2018.11.02-19.54.04:817][  0]LogDerivedDataCache: Unable to find inner node CompressedPak for hierarchical cache Hierarchy.
[2018.11.02-19.54.04:839][  0]LogDerivedDataCache: Display: Pak cache opened for reading ../../../Engine/DerivedDataCache/Compressed.ddp.
[2018.11.02-19.54.04:852][  0]LogDerivedDataCache: Using Local data cache path C:/Users/gabri/AppData/Local/UnrealEngine/Common/DerivedDataCache: Writable
[2018.11.02-19.54.04:852][  0]LogDerivedDataCache: Shared data cache path not found in *engine.ini, will not use an Shared cache.
[2018.11.02-19.54.04:852][  0]LogDerivedDataCache: Unable to find inner node Shared for hierarchical cache Hierarchy.
[2018.11.02-19.54.04:892][  0]LogMaterial: Verifying Global Shaders for PCD3D_SM5
[2018.11.02-19.54.04:895][  0]LogSlate: Using FreeType 2.6.0
[2018.11.02-19.54.04:932][  0]LogSlate: SlateFontServices - WITH_FREETYPE: 1, WITH_HARFBUZZ: 1
[2018.11.02-19.54.05:169][  0]LogAssetRegistry: FAssetRegistry took 0.0319 seconds to start up
[2018.11.02-19.54.05:919][  0]LogInit: Selected Device Profile: [Windows]
[2018.11.02-19.54.06:254][  0]LogSimplygon: Simplygon DLL not present - disabling.
[2018.11.02-19.54.06:262][  0]LogMeshReduction: Using SimplygonSwarm for distributed automatic mesh merging
[2018.11.02-19.54.06:262][  0]LogMeshReduction: Using ProxyLODMeshReduction for automatic mesh merging
[2018.11.02-19.54.06:262][  0]LogMeshReduction: Using QuadricMeshReduction for automatic static mesh reduction
[2018.11.02-19.54.06:262][  0]LogMeshReduction: No automatic skeletal mesh reduction module available
[2018.11.02-19.54.06:323][  0]LogNetVersion: PandoraGeometry 1.0.0, NetCL: 4212847, EngineNetVer: 5, GameNetVer: 0 (Checksum: 2244076774)
[2018.11.02-19.54.07:634][  0]LogPackageLocalizationCache: Processed 11 localized package path(s) for 1 prioritized culture(s) in 0.200642 seconds
[2018.11.02-19.54.07:649][  0]LogUObjectArray: 38425 objects as part of root set at end of initial load.
[2018.11.02-19.54.07:649][  0]LogUObjectAllocator: 6690864 out of 0 bytes used by permanent object pool.
[2018.11.02-19.54.07:649][  0]LogUObjectArray: CloseDisregardForGC: 0/0 objects in disregard for GC pool
[2018.11.02-19.54.20:305][  0]LogTcpMessaging: Initializing TcpMessaging bridge
[2018.11.02-19.54.20:322][  0]LogUdpMessaging: Initializing bridge on interface 0.0.0.0:0 to multicast group 230.0.0.1:6666.
[2018.11.02-19.54.20:531][  0]LogMaterial: Display: Incomplete cached shader map for material DefaultMaterial, compiling. 
[2018.11.02-19.54.21:111][  0]LogShaderCompilers: Display: Shaders left to compile 118
[2018.11.02-19.54.21:111][  0]LogShaderCompilers: Display: Shaders left to compile 108
[2018.11.02-19.54.21:111][  0]LogShaderCompilers: Display: Shaders left to compile 98
[2018.11.02-19.54.21:111][  0]SourceControl: Source control is disabled
[2018.11.02-19.54.21:111][  0]SourceControl: Source control is disabled
[2018.11.02-19.54.21:115][  0]SourceControl: Source control is disabled
[2018.11.02-19.54.21:117][  0]SourceControl: Source control is disabled
[2018.11.02-19.54.21:525][  0]LogAndroidPermission: UAndroidPermissionCallbackProxy::GetInstance
[2018.11.02-19.54.21:617][  0]LogOcInput: OculusInput pre-init called
[2018.11.02-19.54.21:734][  0]LogEngine: Initializing Engine...
[2018.11.02-19.54.21:736][  0]LogHMD: Failed to initialize OpenVR with code 110
[2018.11.02-19.54.21:738][  0]LogStats: UGameplayTagsManager::ConstructGameplayTagTree: ImportINI prefixes -  0.000 s
[2018.11.02-19.54.21:738][  0]LogStats: UGameplayTagsManager::ConstructGameplayTagTree: Construct from data asset -  0.000 s
[2018.11.02-19.54.21:739][  0]LogStats: UGameplayTagsManager::ConstructGameplayTagTree: ImportINI -  0.000 s
[2018.11.02-19.54.21:739][  0]LogStats: UGameplayTagsManager::ConstructGameplayTagTree: GameplayTagTreeChangedEvent.Broadcast -  0.000 s
[2018.11.02-19.54.22:593][  0]LogInit: Initializing FReadOnlyCVARCache
[2018.11.02-19.54.22:634][  0]LogAIModule: Creating AISystem for world Untitled
[2018.11.02-19.54.22:654][  0]LogInit: XAudio2 using 'Alto-falantes (Dispositivo de High Definition Audio)' : 2 channels at 48 kHz using 16 bits per sample (channel mask 0x3)
[2018.11.02-19.54.22:766][  0]LogInit: FAudioDevice initialized.
[2018.11.02-19.54.22:766][  0]LogNetVersion: Set ProjectVersion to 1.0.0.0. Version Checksum will be recalculated on next use.
[2018.11.02-19.54.23:111][  0]LogDerivedDataCache: Saved boot cache 0.34s 71MB C:/Users/gabri/AppData/Local/UnrealEngine/4.20/DerivedDataCache/Boot.ddc.
[2018.11.02-19.54.23:119][  0]LogInit: Texture streaming: Enabled
[2018.11.02-19.54.23:429][  0]LogEngineSessionManager: EngineSessionManager initialized
[2018.11.02-19.54.23:468][  0]LogInit: Transaction tracking system initialized
[2018.11.02-19.54.23:526][  0]BlueprintLog: New page: Editor Load
[2018.11.02-19.54.23:777][  0]LocalizationService: Localization service is disabled
[2018.11.02-19.54.24:625][  0]LogCook: Display: Max memory allowance for cook 16384mb min free memory 0mb
[2018.11.02-19.54.24:625][  0]LogCook: Display: Mobile HDR setting 1
[2018.11.02-19.54.24:626][  0]LogGameplayTags: Display: UGameplayTagsManager::DoneAddingNativeTags. DelegateIsBound: 0
[2018.11.02-19.54.24:626][  0]LogStats: UGameplayTagsManager::ConstructGameplayTagTree: ImportINI prefixes -  0.000 s
[2018.11.02-19.54.24:626][  0]LogStats: UGameplayTagsManager::ConstructGameplayTagTree: Construct from data asset -  0.000 s
[2018.11.02-19.54.24:626][  0]LogStats: UGameplayTagsManager::ConstructGameplayTagTree: ImportINI -  0.000 s
[2018.11.02-19.54.24:626][  0]LogStats: UGameplayTagsManager::ConstructGameplayTagTree: GameplayTagTreeChangedEvent.Broadcast -  0.000 s
[2018.11.02-19.54.25:240][  0]LogFileCache: Scanning file cache for directory 'C:/Users/gabri/Desktop/Achei bom, Criativo/TCC/PandoraGeometry/Content/' took 0.03s
[2018.11.02-19.54.25:240][  0]SourceControl: Source control is disabled
[2018.11.02-19.54.25:240][  0]Cmd: MAP LOAD FILE="../../../../../../Users/gabri/Desktop/Achei bom, Criativo/TCC/PandoraGeometry/Content/StarterContent/Maps/Minimal_Default.umap" TEMPLATE=0 SHOWPROGRESS=1 FEATURELEVEL=3
[2018.11.02-19.54.25:293][  0]LightingResults: New page: Lighting Build
[2018.11.02-19.54.25:300][  0]MapCheck: New page: Map Check
[2018.11.02-19.54.25:300][  0]LightingResults: New page: Lighting Build
[2018.11.02-19.54.26:872][  0]LogAIModule: Creating AISystem for world Minimal_Default
[2018.11.02-19.54.26:936][  0]LogEditorServer: Finished looking for orphan Actors (0.000 secs)
[2018.11.02-19.54.26:989][  0]Cmd: MAP CHECKDEP NOCLEARLOG
[2018.11.02-19.54.27:176][  0]MapCheck: Map check complete: 0 Error(s), 0 Warning(s), took 185.994ms to complete.
[2018.11.02-19.54.27:176][  0]LogFileHelpers: Loading map 'Minimal_Default' took 1.936
[2018.11.02-19.54.27:410][  0]LogSlate: Updating window title bar state: overlay mode, drag disabled, window buttons hidden, title bar hidden
[2018.11.02-19.54.27:426][  0]LogSlate: Updating window title bar state: overlay mode, drag disabled, window buttons hidden, title bar hidden
[2018.11.02-19.54.27:442][  0]LogSlate: Updating window title bar state: overlay mode, drag disabled, window buttons hidden, title bar hidden
[2018.11.02-19.54.27:460][  0]LogSlate: Updating window title bar state: overlay mode, drag disabled, window buttons hidden, title bar hidden
[2018.11.02-19.54.27:491][  0]LogCollectionManager: Loaded 0 collections in 0.019943 seconds
[2018.11.02-19.54.27:544][  0]LogFileCache: Scanning file cache for directory 'C:/Users/gabri/Desktop/Achei bom, Criativo/TCC/PandoraGeometry/Saved/Collections/' took 0.01s
[2018.11.02-19.54.27:544][  0]LogFileCache: Scanning file cache for directory 'C:/Users/gabri/Desktop/Achei bom, Criativo/TCC/PandoraGeometry/Content/Developers/gabri/Collections/' took 0.01s
[2018.11.02-19.54.27:544][  0]LogFileCache: Scanning file cache for directory 'C:/Users/gabri/Desktop/Achei bom, Criativo/TCC/PandoraGeometry/Content/Collections/' took 0.01s
[2018.11.02-19.54.27:544][  0]LogCollectionManager: Rebuilt the GUID cache for 0 collections in 0.000001 seconds
[2018.11.02-19.54.27:566][  0]LogContentBrowser: Native class hierarchy populated in 0.0221 seconds. Added 2572 classes and 603 folders.
[2018.11.02-19.54.27:581][  0]LogContentBrowser: Native class hierarchy updated for 'WidgetCarousel' in 0.0005 seconds. Added 0 classes and 0 folders.
[2018.11.02-19.54.28:362][  0]LogContentBrowser: Native class hierarchy updated for 'AddContentDialog' in 0.0005 seconds. Added 0 classes and 0 folders.
[2018.11.02-19.54.28:375][  0]LogContentBrowser: Native class hierarchy updated for 'SceneOutliner' in 0.0006 seconds. Added 1 classes and 2 folders.
[2018.11.02-19.54.28:454][  0]LogSlate: Took 0.000476 seconds to synchronously load lazily loaded font '../../../Engine/Content/Slate/Fonts/Roboto-Regular.ttf' (155K)
[2018.11.02-19.54.28:458][  0]LogSlate: Took 0.000583 seconds to synchronously load lazily loaded font '../../../Engine/Content/Slate/Fonts/Roboto-Bold.ttf' (160K)
[2018.11.02-19.54.28:493][  0]LogSlate: Took 0.026011 seconds to synchronously load lazily loaded font '../../../Engine/Content/Editor/Slate/Fonts/FontAwesome.ttf' (139K)
[2018.11.02-19.54.28:716][  0]LogRenderer: Reallocating scene render targets to support 904x456 Format 10 NumSamples 1 (Frame:1).
[2018.11.02-19.54.29:000][  0]LogContentBrowser: Native class hierarchy updated for 'HierarchicalLODOutliner' in 0.0005 seconds. Added 0 classes and 0 folders.
[2018.11.02-19.54.29:000][  0]LogLoad: (Engine Initialization) Total time: 33.86 seconds
[2018.11.02-19.54.29:000][  0]LogLoad: (Engine Initialization) Total Blueprint compile time: 0.00 seconds
[2018.11.02-19.54.29:012][  0]LogWindowsTextInputMethodSystem: Display: IME system now deactivated.
[2018.11.02-19.54.29:039][  0]LogContentStreaming: Texture pool size now 3000 MB
[2018.11.02-19.54.29:174][  0]LogSlate: Took 0.000378 seconds to synchronously load lazily loaded font '../../../Engine/Content/Slate/Fonts/Roboto-Light.ttf' (167K)
[2018.11.02-19.54.29:496][  3]LogAssetRegistry: Asset discovery search completed in 24.3495 seconds
[2018.11.02-19.54.29:501][  3]LogCollectionManager: Rebuilt the object cache for 0 collections in 0.000001 seconds (found 0 objects)
[2018.11.02-19.54.29:502][  3]LogCollectionManager: Fixed up redirectors for 0 collections in 0.000261 seconds (updated 0 objects)
[2018.11.02-19.54.32:291][229]LogSlate: FSceneViewport::OnFocusLost() reason 0
[2018.11.02-19.54.32:429][243]LogTemp: Repeating last play command: Selected Viewport
[2018.11.02-19.54.32:504][243]LogBlueprintUserMessages: Early PlayInEditor Detection: Level '/Game/StarterContent/Maps/Minimal_Default.Minimal_Default:PersistentLevel' has LevelScriptBlueprint '/Game/StarterContent/Maps/Minimal_Default.Minimal_Default:PersistentLevel.Minimal_Default' with GeneratedClass '/Game/StarterContent/Maps/Minimal_Default.Minimal_Default_C' with ClassGeneratedBy '/Game/StarterContent/Maps/Minimal_Default.Minimal_Default:PersistentLevel.Minimal_Default'
[2018.11.02-19.54.32:518][243]LogPlayLevel: PlayLevel: No blueprints needed recompiling
[2018.11.02-19.54.32:623][243]PIE: New page: PIE session: Minimal_Default (Nov 2, 2018, 2:54:32 PM)
[2018.11.02-19.54.32:624][243]LogPlayLevel: Creating play world package: /Game/StarterContent/Maps/UEDPIE_0_Minimal_Default
[2018.11.02-19.54.32:784][243]LogShaderCompilers: Display: Shaders left to compile 88
[2018.11.02-19.54.32:797][243]LogPlayLevel: PIE: StaticDuplicateObject took: (0.172706s)
[2018.11.02-19.54.32:799][243]LogAIModule: Creating AISystem for world Minimal_Default
[2018.11.02-19.54.32:811][243]LogPlayLevel: PIE: World Init took: (0.013603s)
[2018.11.02-19.54.32:811][243]LogPlayLevel: PIE: Created PIE world by copying editor world from /Game/StarterContent/Maps/Minimal_Default.Minimal_Default to /Game/StarterContent/Maps/UEDPIE_0_Minimal_Default.Minimal_Default (0.187053s)
[2018.11.02-19.54.32:908][243]LogInit: XAudio2 using 'Alto-falantes (Dispositivo de High Definition Audio)' : 2 channels at 48 kHz using 16 bits per sample (channel mask 0x3)
[2018.11.02-19.54.32:925][243]LogInit: FAudioDevice initialized.
[2018.11.02-19.54.33:017][243]LogLoad: Game class is 'GameModeBase'
[2018.11.02-19.54.33:021][243]LogWorld: Bringing World /Game/StarterContent/Maps/UEDPIE_0_Minimal_Default.Minimal_Default up for play (max tick rate 0) at 2018.11.02-16.54.33
[2018.11.02-19.54.33:134][243]LogWorld: Bringing up level for play took: 0.114054
[2018.11.02-19.54.33:295][243]LogShaderCompilers: Display: Shaders left to compile 78
[2018.11.02-19.54.33:295][243]LogContentBrowser: Native class hierarchy updated for 'MovieSceneCapture' in 0.0009 seconds. Added 10 classes and 0 folders.
[2018.11.02-19.54.33:424][243]PIE: Play in editor start time for /Game/StarterContent/Maps/UEDPIE_0_Minimal_Default 1.773
[2018.11.02-19.54.33:424][243]LogBlueprintUserMessages: Late PlayInEditor Detection: Level '/Game/StarterContent/Maps/Minimal_Default.Minimal_Default:PersistentLevel' has LevelScriptBlueprint '/Game/StarterContent/Maps/Minimal_Default.Minimal_Default:PersistentLevel.Minimal_Default' with GeneratedClass '/Game/StarterContent/Maps/Minimal_Default.Minimal_Default_C' with ClassGeneratedBy '/Game/StarterContent/Maps/Minimal_Default.Minimal_Default:PersistentLevel.Minimal_Default'
[2018.11.02-19.54.36:122][244]LogShaderCompilers: Display: Shaders left to compile 68
[2018.11.02-19.54.41:012][245]LogShaderCompilers: Display: Shaders left to compile 58
[2018.11.02-19.54.41:595][245]LogShaderCompilers: Display: Shaders left to compile 48
[2018.11.02-19.54.41:616][245]LogShaderCompilers: Display: Shaders left to compile 38
[2018.11.02-19.54.55:317][174]LogShaderCompilers: Display: Shaders left to compile 28
[2018.11.02-19.54.58:766][491]LogBlueprintUserMessages: Early EndPlayMap Detection: Level '/Game/StarterContent/Maps/Minimal_Default.Minimal_Default:PersistentLevel' has LevelScriptBlueprint '/Game/StarterContent/Maps/Minimal_Default.Minimal_Default:PersistentLevel.Minimal_Default' with GeneratedClass '/Game/StarterContent/Maps/Minimal_Default.Minimal_Default_C' with ClassGeneratedBy '/Game/StarterContent/Maps/Minimal_Default.Minimal_Default:PersistentLevel.Minimal_Default'
[2018.11.02-19.54.58:794][491]LogSlate: Updating window title bar state: overlay mode, drag disabled, window buttons hidden, title bar hidden
[2018.11.02-19.54.58:894][491]LogPlayLevel: Display: Shutting down PIE online subsystems
[2018.11.02-19.54.58:895][491]LogBlueprintUserMessages: Late EndPlayMap Detection: Level '/Game/StarterContent/Maps/Minimal_Default.Minimal_Default:PersistentLevel' has LevelScriptBlueprint '/Game/StarterContent/Maps/Minimal_Default.Minimal_Default:PersistentLevel.Minimal_Default' with GeneratedClass '/Game/StarterContent/Maps/Minimal_Default.Minimal_Default_C' with ClassGeneratedBy '/Game/StarterContent/Maps/Minimal_Default.Minimal_Default:PersistentLevel.Minimal_Default'
[2018.11.02-19.54.58:946][491]LogSlate: Updating window title bar state: overlay mode, drag disabled, window buttons hidden, title bar hidden
[2018.11.02-19.54.58:970][492]LogPlayLevel: Display: Destroying online subsystem :Context_2
[2018.11.02-19.54.59:609][492]LogShaderCompilers: Display: Shaders left to compile 18
[2018.11.02-19.55.00:187][492]LogShaderCompilers: Display: Shaders left to compile 8
[2018.11.02-19.55.04:424][493]LogEditorViewport: Clicking on Actor (LMB): BP_Sky_Sphere_C (BP_Sky_Sphere)
[2018.11.02-19.55.04:709][493]LogEditorViewport: Clicking on Actor (context menu): BP_Sky_Sphere_C (BP_Sky_Sphere)
[2018.11.02-19.55.04:928][493]LogSlate: FSceneViewport::OnFocusLost() reason 2
[2018.11.02-19.55.10:177][814]LogEditorViewport: Clicking on Actor (LMB): Personagem_C (Player)
[2018.11.02-19.55.11:023][859]LogSlate: FSceneViewport::OnFocusLost() reason 0
[2018.11.02-19.55.11:490][898]LogTemp: Repeating last play command: Selected Viewport
[2018.11.02-19.55.11:522][898]LogBlueprintUserMessages: Early PlayInEditor Detection: Level '/Game/StarterContent/Maps/Minimal_Default.Minimal_Default:PersistentLevel' has LevelScriptBlueprint '/Game/StarterContent/Maps/Minimal_Default.Minimal_Default:PersistentLevel.Minimal_Default' with GeneratedClass '/Game/StarterContent/Maps/Minimal_Default.Minimal_Default_C' with ClassGeneratedBy '/Game/StarterContent/Maps/Minimal_Default.Minimal_Default:PersistentLevel.Minimal_Default'
[2018.11.02-19.55.11:522][898]LogPlayLevel: PlayLevel: No blueprints needed recompiling
[2018.11.02-19.55.11:522][898]PIE: New page: PIE session: Minimal_Default (Nov 2, 2018, 2:55:11 PM)
[2018.11.02-19.55.11:522][898]LogPlayLevel: Creating play world package: /Game/StarterContent/Maps/UEDPIE_0_Minimal_Default
[2018.11.02-19.55.11:530][898]LogPlayLevel: PIE: StaticDuplicateObject took: (0.008093s)
[2018.11.02-19.55.11:532][898]LogAIModule: Creating AISystem for world Minimal_Default
[2018.11.02-19.55.11:532][898]LogPlayLevel: PIE: World Init took: (0.001766s)
[2018.11.02-19.55.11:532][898]LogPlayLevel: PIE: Created PIE world by copying editor world from /Game/StarterContent/Maps/Minimal_Default.Minimal_Default to /Game/StarterContent/Maps/UEDPIE_0_Minimal_Default.Minimal_Default (0.010135s)
[2018.11.02-19.55.11:593][898]LogInit: XAudio2 using 'Alto-falantes (Dispositivo de High Definition Audio)' : 2 channels at 48 kHz using 16 bits per sample (channel mask 0x3)
[2018.11.02-19.55.11:609][898]LogInit: FAudioDevice initialized.
[2018.11.02-19.55.11:646][898]LogLoad: Game class is 'GameModeBase'
[2018.11.02-19.55.11:649][898]LogWorld: Bringing World /Game/StarterContent/Maps/UEDPIE_0_Minimal_Default.Minimal_Default up for play (max tick rate 0) at 2018.11.02-16.55.11
[2018.11.02-19.55.11:650][898]LogWorld: Bringing up level for play took: 0.002430
[2018.11.02-19.55.11:664][898]PIE: Play in editor start time for /Game/StarterContent/Maps/UEDPIE_0_Minimal_Default 0.015
[2018.11.02-19.55.11:665][898]LogBlueprintUserMessages: Late PlayInEditor Detection: Level '/Game/StarterContent/Maps/Minimal_Default.Minimal_Default:PersistentLevel' has LevelScriptBlueprint '/Game/StarterContent/Maps/Minimal_Default.Minimal_Default:PersistentLevel.Minimal_Default' with GeneratedClass '/Game/StarterContent/Maps/Minimal_Default.Minimal_Default_C' with ClassGeneratedBy '/Game/StarterContent/Maps/Minimal_Default.Minimal_Default:PersistentLevel.Minimal_Default'
[2018.11.02-19.55.17:161][468]LogBlueprintUserMessages: Early EndPlayMap Detection: Level '/Game/StarterContent/Maps/Minimal_Default.Minimal_Default:PersistentLevel' has LevelScriptBlueprint '/Game/StarterContent/Maps/Minimal_Default.Minimal_Default:PersistentLevel.Minimal_Default' with GeneratedClass '/Game/StarterContent/Maps/Minimal_Default.Minimal_Default_C' with ClassGeneratedBy '/Game/StarterContent/Maps/Minimal_Default.Minimal_Default:PersistentLevel.Minimal_Default'
[2018.11.02-19.55.17:161][468]LogSlate: Updating window title bar state: overlay mode, drag disabled, window buttons hidden, title bar hidden
[2018.11.02-19.55.17:203][468]LogPlayLevel: Display: Shutting down PIE online subsystems
[2018.11.02-19.55.17:203][468]LogBlueprintUserMessages: Late EndPlayMap Detection: Level '/Game/StarterContent/Maps/Minimal_Default.Minimal_Default:PersistentLevel' has LevelScriptBlueprint '/Game/StarterContent/Maps/Minimal_Default.Minimal_Default:PersistentLevel.Minimal_Default' with GeneratedClass '/Game/StarterContent/Maps/Minimal_Default.Minimal_Default_C' with ClassGeneratedBy '/Game/StarterContent/Maps/Minimal_Default.Minimal_Default:PersistentLevel.Minimal_Default'
[2018.11.02-19.55.17:251][468]LogSlate: Updating window title bar state: overlay mode, drag disabled, window buttons hidden, title bar hidden
[2018.11.02-19.55.17:275][469]LogPlayLevel: Display: Destroying online subsystem :Context_3
[2018.11.02-19.55.20:268][728]LogEditorViewport: Clicking on Actor (LMB): Personagem_C (Player)
[2018.11.02-19.55.21:427][809]LogSlate: FSceneViewport::OnFocusLost() reason 0
[2018.11.02-19.55.21:549][819]LogSlate: Took 0.000392 seconds to synchronously load lazily loaded font '../../../Engine/Content/Slate/Fonts/Roboto-Light.ttf' (167K)
[2018.11.02-19.55.21:565][819]LogAssetEditorManager: Opening Asset editor for Blueprint /Game/StarterContent/Blueprints/Player/Personagem.Personagem
[2018.11.02-19.55.22:837][819]LogContentBrowser: Native class hierarchy updated for 'BlueprintGraph' in 0.0012 seconds. Added 116 classes and 0 folders.
[2018.11.02-19.55.24:900][819]LogSlate: Took 0.029628 seconds to synchronously load lazily loaded font '../../../Engine/Content/Slate/Fonts/Roboto-BoldCondensed.ttf' (158K)
[2018.11.02-19.55.25:451][820]LogSlate: Took 0.018851 seconds to synchronously load lazily loaded font '../../../Engine/Content/Slate/Fonts/Roboto-Italic.ttf' (157K)
[2018.11.02-19.55.40:030][377]LogEditorViewport: Clicking on Actor (LMB): BP_Sky_Sphere_C (BP_Sky_Sphere)
[2018.11.02-19.55.40:552][394]LogSlate: FSceneViewport::OnFocusLost() reason 0
[2018.11.02-19.55.40:667][399]LogTemp: Repeating last play command: Selected Viewport
[2018.11.02-19.55.40:697][399]LogBlueprintUserMessages: Early PlayInEditor Detection: Level '/Game/StarterContent/Maps/Minimal_Default.Minimal_Default:PersistentLevel' has LevelScriptBlueprint '/Game/StarterContent/Maps/Minimal_Default.Minimal_Default:PersistentLevel.Minimal_Default' with GeneratedClass '/Game/StarterContent/Maps/Minimal_Default.Minimal_Default_C' with ClassGeneratedBy '/Game/StarterContent/Maps/Minimal_Default.Minimal_Default:PersistentLevel.Minimal_Default'
[2018.11.02-19.55.40:701][399]LogPlayLevel: PlayLevel: No blueprints needed recompiling
[2018.11.02-19.55.40:701][399]PIE: New page: PIE session: Minimal_Default (Nov 2, 2018, 2:55:40 PM)
[2018.11.02-19.55.40:701][399]LogPlayLevel: Creating play world package: /Game/StarterContent/Maps/UEDPIE_0_Minimal_Default
[2018.11.02-19.55.40:709][399]LogPlayLevel: PIE: StaticDuplicateObject took: (0.007703s)
[2018.11.02-19.55.40:710][399]LogAIModule: Creating AISystem for world Minimal_Default
[2018.11.02-19.55.40:711][399]LogPlayLevel: PIE: World Init took: (0.001635s)
[2018.11.02-19.55.40:711][399]LogPlayLevel: PIE: Created PIE world by copying editor world from /Game/StarterContent/Maps/Minimal_Default.Minimal_Default to /Game/StarterContent/Maps/UEDPIE_0_Minimal_Default.Minimal_Default (0.009610s)
[2018.11.02-19.55.40:780][399]LogInit: XAudio2 using 'Alto-falantes (Dispositivo de High Definition Audio)' : 2 channels at 48 kHz using 16 bits per sample (channel mask 0x3)
[2018.11.02-19.55.40:794][399]LogInit: FAudioDevice initialized.
[2018.11.02-19.55.40:852][399]LogLoad: Game class is 'GameModeBase'
[2018.11.02-19.55.40:854][399]LogWorld: Bringing World /Game/StarterContent/Maps/UEDPIE_0_Minimal_Default.Minimal_Default up for play (max tick rate 0) at 2018.11.02-16.55.40
[2018.11.02-19.55.40:855][399]LogWorld: Bringing up level for play took: 0.002092
[2018.11.02-19.55.40:870][399]PIE: Play in editor start time for /Game/StarterContent/Maps/UEDPIE_0_Minimal_Default -0.781
[2018.11.02-19.55.40:870][399]LogBlueprintUserMessages: Late PlayInEditor Detection: Level '/Game/StarterContent/Maps/Minimal_Default.Minimal_Default:PersistentLevel' has LevelScriptBlueprint '/Game/StarterContent/Maps/Minimal_Default.Minimal_Default:PersistentLevel.Minimal_Default' with GeneratedClass '/Game/StarterContent/Maps/Minimal_Default.Minimal_Default_C' with ClassGeneratedBy '/Game/StarterContent/Maps/Minimal_Default.Minimal_Default:PersistentLevel.Minimal_Default'
[2018.11.02-19.56.01:914][307]LogSlate: FSceneViewport::OnFocusLost() reason 2
[2018.11.02-19.56.19:433][ 73]LogSlate: FSceneViewport::OnFocusLost() reason 2
[2018.11.02-19.56.24:423][420]LogSlate: FSceneViewport::OnFocusLost() reason 0
[2018.11.02-20.23.47:289][643]LogSlate: FSceneViewport::OnFocusLost() reason 0
[2018.11.02-20.28.42:378][621]LogSlate: Window 'Personagem' being destroyed
[2018.11.02-20.28.42:961][621]LogSlate: Window 'PandoraGeometry - Unreal Editor' being destroyed
[2018.11.02-20.28.42:962][621]LogWindowsTextInputMethodSystem: Display: IME system now deactivated.
[2018.11.02-20.28.43:312][621]LogBlueprintUserMessages: Early EndPlayMap Detection: Level '/Game/StarterContent/Maps/Minimal_Default.Minimal_Default:PersistentLevel' has LevelScriptBlueprint '/Game/StarterContent/Maps/Minimal_Default.Minimal_Default:PersistentLevel.Minimal_Default' with GeneratedClass '/Game/StarterContent/Maps/Minimal_Default.Minimal_Default_C' with ClassGeneratedBy '/Game/StarterContent/Maps/Minimal_Default.Minimal_Default:PersistentLevel.Minimal_Default'
[2018.11.02-20.28.43:316][621]LogSlate: Updating window title bar state: overlay mode, drag disabled, window buttons hidden, title bar hidden
[2018.11.02-20.28.43:390][621]LogPlayLevel: Display: Shutting down PIE online subsystems
[2018.11.02-20.28.43:390][621]LogBlueprintUserMessages: Late EndPlayMap Detection: Level '/Game/StarterContent/Maps/Minimal_Default.Minimal_Default:PersistentLevel' has LevelScriptBlueprint '/Game/StarterContent/Maps/Minimal_Default.Minimal_Default:PersistentLevel.Minimal_Default' with GeneratedClass '/Game/StarterContent/Maps/Minimal_Default.Minimal_Default_C' with ClassGeneratedBy '/Game/StarterContent/Maps/Minimal_Default.Minimal_Default:PersistentLevel.Minimal_Default'
[2018.11.02-20.28.43:527][621]LogSlate: Updating window title bar state: overlay mode, drag disabled, window buttons hidden, title bar hidden
[2018.11.02-20.28.44:010][622]Cmd: QUIT_EDITOR
[2018.11.02-20.28.45:013][622]LogExit: Preparing to exit.
[2018.11.02-20.28.46:369][622]LogExit: Editor shut down
[2018.11.02-20.28.46:374][622]LogExit: Transaction tracking system shut down
[2018.11.02-20.28.49:246][622]LogExit: Object subsystem successfully closed.
[2018.11.02-20.28.49:380][622]LogShaderCompilers: Display: Shaders left to compile 0
[2018.11.02-20.28.49:428][622]LogD3D11RHI: Shutdown
[2018.11.02-20.28.49:429][622]LogD3D11RHI: CleanupD3DDevice
[2018.11.02-20.28.49:469][622]LogD3D11RHI: ~FD3D11DynamicRHI
[2018.11.02-20.28.50:379][622]LogModuleManager: Shutting down and abandoning module BlueprintGraph (616)
[2018.11.02-20.28.50:379][622]LogModuleManager: Shutting down and abandoning module MovieSceneCapture (614)
[2018.11.02-20.28.50:379][622]LogModuleManager: Shutting down and abandoning module Voice (612)
[2018.11.02-20.28.50:384][622]LogModuleManager: Shutting down and abandoning module HierarchicalLODOutliner (610)
[2018.11.02-20.28.50:384][622]LogModuleManager: Shutting down and abandoning module SceneOutliner (608)
[2018.11.02-20.28.50:384][622]LogModuleManager: Shutting down and abandoning module AddContentDialog (606)
[2018.11.02-20.28.50:401][622]LogModuleManager: Shutting down and abandoning module WidgetCarousel (605)
[2018.11.02-20.28.50:402][622]LogModuleManager: Shutting down and abandoning module EditorWidgets (602)
[2018.11.02-20.28.50:402][622]LogModuleManager: Shutting down and abandoning module CollectionManager (600)
[2018.11.02-20.28.50:410][622]LogModuleManager: Shutting down and abandoning module StatsViewer (598)
[2018.11.02-20.28.50:417][622]LogModuleManager: Shutting down and abandoning module FoliageEdit (596)
[2018.11.02-20.28.50:426][622]LogModuleManager: Shutting down and abandoning module LandscapeEditor (594)
[2018.11.02-20.28.50:446][622]LogModuleManager: Shutting down and abandoning module MeshPaintMode (592)
[2018.11.02-20.28.50:451][622]LogModuleManager: Shutting down and abandoning module SceneDepthPickerMode (590)
[2018.11.02-20.28.50:451][622]LogModuleManager: Shutting down and abandoning module ActorPickerMode (588)
[2018.11.02-20.28.50:451][622]LogModuleManager: Shutting down and abandoning module GeometryMode (586)
[2018.11.02-20.28.50:452][622]LogModuleManager: Shutting down and abandoning module TextureAlignMode (584)
[2018.11.02-20.28.50:452][622]LogModuleManager: Shutting down and abandoning module BspMode (582)
[2018.11.02-20.28.50:452][622]LogModuleManager: Shutting down and abandoning module PIEPreviewDeviceProfileSelector (580)
[2018.11.02-20.28.50:460][622]LogModuleManager: Shutting down and abandoning module SequenceRecorderSections (578)
[2018.11.02-20.28.50:470][622]LogModuleManager: Shutting down and abandoning module AutomationWorker (576)
[2018.11.02-20.28.50:470][622]LogModuleManager: Shutting down and abandoning module AudioCaptureEditor (574)
[2018.11.02-20.28.50:477][622]LogModuleManager: Shutting down and abandoning module SequenceRecorder (573)
[2018.11.02-20.28.50:478][622]LogModuleManager: Shutting down and abandoning module MatineeToLevelSequence (570)
[2018.11.02-20.28.50:478][622]LogModuleManager: Shutting down and abandoning module LevelSequenceEditor (568)
[2018.11.02-20.28.50:513][622]LogModuleManager: Shutting down and abandoning module PlacementMode (567)
[2018.11.02-20.28.50:514][622]LogModuleManager: Shutting down and abandoning module MaterialEditor (566)
[2018.11.02-20.28.50:547][622]LogModuleManager: Shutting down and abandoning module WmfMediaFactory (562)
[2018.11.02-20.28.50:548][622]LogModuleManager: Shutting down and abandoning module WmfMediaEditor (560)
[2018.11.02-20.28.50:548][622]LogModuleManager: Shutting down and abandoning module MediaPlayerEditor (558)
[2018.11.02-20.28.50:566][622]LogModuleManager: Shutting down and abandoning module OpenExrWrapper (556)
[2018.11.02-20.28.50:566][622]LogModuleManager: Shutting down and abandoning module ImgMediaFactory (554)
[2018.11.02-20.28.50:566][622]LogModuleManager: Shutting down and abandoning module ImgMediaEditor (552)
[2018.11.02-20.28.50:566][622]LogModuleManager: Shutting down and abandoning module AvfMediaFactory (550)
[2018.11.02-20.28.50:567][622]LogModuleManager: Shutting down and abandoning module AvfMediaEditor (548)
[2018.11.02-20.28.50:567][622]LogModuleManager: Shutting down and abandoning module AndroidMediaFactory (546)
[2018.11.02-20.28.50:567][622]LogModuleManager: Shutting down and abandoning module AndroidMediaEditor (544)
[2018.11.02-20.28.50:567][622]LogModuleManager: Shutting down and abandoning module MagicLeapCameraPreviewFactory (542)
[2018.11.02-20.28.50:567][622]LogModuleManager: Shutting down and abandoning module MagicLeapMediaFactory (540)
[2018.11.02-20.28.50:567][622]LogModuleManager: Shutting down and abandoning module MagicLeapMediaEditor (538)
[2018.11.02-20.28.50:567][622]LogModuleManager: Shutting down and abandoning module CharacterAI (536)
[2018.11.02-20.28.50:567][622]LogModuleManager: Shutting down and abandoning module SmartSnapping (534)
[2018.11.02-20.28.50:567][622]LogModuleManager: Shutting down and abandoning module SessionServices (532)
[2018.11.02-20.28.50:567][622]LogModuleManager: Shutting down and abandoning module ViewportSnapping (530)
[2018.11.02-20.28.50:567][622]LogModuleManager: Shutting down and abandoning module ViewportInteraction (528)
[2018.11.02-20.28.50:576][622]LogModuleManager: Shutting down and abandoning module ClothPainter (526)
[2018.11.02-20.28.50:597][622]LogModuleManager: Shutting down and abandoning module SkeletalMeshEditor (525)
[2018.11.02-20.28.50:609][622]LogModuleManager: Shutting down and abandoning module LogVisualizer (522)
[2018.11.02-20.28.50:621][622]LogModuleManager: Shutting down and abandoning module IntroTutorials (520)
[2018.11.02-20.28.50:643][622]LogModuleManager: Shutting down and abandoning module GameProjectGeneration (519)
[2018.11.02-20.28.50:660][622]LogModuleManager: Shutting down and abandoning module LuminPlatformEditor (516)
[2018.11.02-20.28.50:660][622]LogModuleManager: Shutting down and abandoning module IOSPlatformEditor (514)
[2018.11.02-20.28.50:666][622]LogModuleManager: Shutting down and abandoning module HTML5PlatformEditor (512)
[2018.11.02-20.28.50:666][622]LogModuleManager: Shutting down and abandoning module AndroidPlatformEditor (510)
[2018.11.02-20.28.50:666][622]LogModuleManager: Shutting down and abandoning module AndroidDeviceDetection (509)
[2018.11.02-20.28.51:945][622]LogModuleManager: Shutting down and abandoning module WindowsPlatformEditor (506)
[2018.11.02-20.28.51:945][622]LogModuleManager: Shutting down and abandoning module LuminRuntimeSettings (504)
[2018.11.02-20.28.51:945][622]LogModuleManager: Shutting down and abandoning module IOSRuntimeSettings (502)
[2018.11.02-20.28.51:945][622]LogModuleManager: Shutting down and abandoning module AndroidRuntimeSettings (500)
[2018.11.02-20.28.51:945][622]LogModuleManager: Shutting down and abandoning module InputBindingEditor (498)
[2018.11.02-20.28.51:956][622]LogModuleManager: Shutting down and abandoning module MergeActors (496)
[2018.11.02-20.28.51:967][622]LogModuleManager: Shutting down and abandoning module LocalizationDashboard (494)
[2018.11.02-20.28.51:978][622]LogModuleManager: Shutting down and abandoning module LocalizationService (493)
[2018.11.02-20.28.51:987][622]LogModuleManager: Shutting down and abandoning module HardwareTargeting (490)
[2018.11.02-20.28.51:987][622]LogModuleManager: Shutting down and abandoning module DeviceProfileEditor (488)
[2018.11.02-20.28.51:987][622]LogModuleManager: Shutting down and abandoning module UndoHistory (486)
[2018.11.02-20.28.51:991][622]LogModuleManager: Shutting down and abandoning module XmlParser (484)
[2018.11.02-20.28.51:991][622]LogModuleManager: Shutting down and abandoning module Blutility (482)
[2018.11.02-20.28.51:999][622]LogModuleManager: Shutting down and abandoning module ProjectSettingsViewer (480)
[2018.11.02-20.28.51:999][622]LogModuleManager: Shutting down and abandoning module ProjectTargetPlatformEditor (479)
[2018.11.02-20.28.52:000][622]LogModuleManager: Shutting down and abandoning module EditorSettingsViewer (476)
[2018.11.02-20.28.52:000][622]LogModuleManager: Shutting down and abandoning module SettingsEditor (474)
[2018.11.02-20.28.52:024][622]LogModuleManager: Shutting down and abandoning module ProjectLauncher (472)
[2018.11.02-20.28.52:035][622]LogModuleManager: Shutting down and abandoning module SessionFrontend (470)
[2018.11.02-20.28.52:043][622]LogModuleManager: Shutting down and abandoning module ProfilerClient (468)
[2018.11.02-20.28.52:054][622]LogModuleManager: Shutting down and abandoning module DeviceManager (466)
[2018.11.02-20.28.52:067][622]LogModuleManager: Shutting down and abandoning module TargetDeviceServices (465)
[2018.11.02-20.28.52:134][622]LogModuleManager: Shutting down and abandoning module AutomationController (462)
[2018.11.02-20.28.52:138][622]LogModuleManager: Shutting down and abandoning module AutomationWindow (460)
[2018.11.02-20.28.52:154][622]LogModuleManager: Shutting down and abandoning module Layers (458)
[2018.11.02-20.28.52:175][622]LogModuleManager: Shutting down and abandoning module ComponentVisualizers (456)
[2018.11.02-20.28.52:175][622]LogModuleManager: Shutting down and abandoning module DetailCustomizations (454)
[2018.11.02-20.28.52:192][622]LogModuleManager: Shutting down and abandoning module PackagesDialog (452)
[2018.11.02-20.28.52:194][622]LogModuleManager: Shutting down and abandoning module Persona (450)
[2018.11.02-20.28.52:222][622]LogModuleManager: Shutting down and abandoning module AdvancedPreviewScene (449)
[2018.11.02-20.28.52:230][622]LogModuleManager: Shutting down and abandoning module AnimGraph (447)
[2018.11.02-20.28.52:235][622]LogModuleManager: Shutting down and abandoning module Kismet (444)
[2018.11.02-20.28.52:263][622]LogModuleManager: Shutting down and abandoning module GraphEditor (442)
[2018.11.02-20.28.52:264][622]LogModuleManager: Shutting down and abandoning module ClassViewer (440)
[2018.11.02-20.28.52:264][622]LogModuleManager: Shutting down and abandoning module Toolbox (438)
[2018.11.02-20.28.52:264][622]LogModuleManager: Shutting down and abandoning module ModuleUI (436)
[2018.11.02-20.28.52:272][622]LogModuleManager: Shutting down and abandoning module MovieSceneTools (434)
[2018.11.02-20.28.52:285][622]LogModuleManager: Shutting down and abandoning module OutputLog (432)
[2018.11.02-20.28.52:285][622]LogModuleManager: Shutting down and abandoning module GammaUI (430)
[2018.11.02-20.28.52:290][622]LogModuleManager: Shutting down and abandoning module Documentation (428)
[2018.11.02-20.28.52:290][622]LogModuleManager: Shutting down and abandoning module MovieSceneTracks (426)
[2018.11.02-20.28.52:290][622]LogModuleManager: Shutting down and abandoning module MovieScene (424)
[2018.11.02-20.28.52:305][622]LogModuleManager: Shutting down and abandoning module StreamingPauseRendering (422)
[2018.11.02-20.28.52:315][622]LogModuleManager: Shutting down and abandoning module LauncherPlatform (420)
[2018.11.02-20.28.52:317][622]LogModuleManager: Shutting down and abandoning module AnalyticsET (418)
[2018.11.02-20.28.52:317][622]LogModuleManager: Shutting down and abandoning module PortalServices (416)
[2018.11.02-20.28.52:317][622]LogModuleManager: Shutting down and abandoning module PortalRpc (414)
[2018.11.02-20.28.52:317][622]LogModuleManager: Shutting down and abandoning module MessagingRpc (412)
[2018.11.02-20.28.52:317][622]LogModuleManager: Shutting down and abandoning module AIModule (410)
[2018.11.02-20.28.52:323][622]LogModuleManager: Shutting down and abandoning module GameplayDebugger (409)
[2018.11.02-20.28.52:330][622]LogModuleManager: Shutting down and abandoning module AITestSuite (407)
[2018.11.02-20.28.52:336][622]LogModuleManager: Shutting down and abandoning module NavigationSystem (405)
[2018.11.02-20.28.52:336][622]LogModuleManager: Shutting down and abandoning module DesktopPlatform (402)
[2018.11.02-20.28.52:336][622]LogModuleManager: Shutting down and abandoning module ProfilerService (400)
[2018.11.02-20.28.52:522][622]LogModuleManager: Shutting down and abandoning module TaskGraph (398)
[2018.11.02-20.28.52:548][622]LogModuleManager: Shutting down and abandoning module SteamVRController (396)
[2018.11.02-20.28.52:548][622]LogModuleManager: Shutting down and abandoning module ProceduralMeshComponentEditor (394)
[2018.11.02-20.28.52:548][622]LogModuleManager: Shutting down and abandoning module ProceduralMeshComponent (392)
[2018.11.02-20.28.52:553][622]LogModuleManager: Shutting down and abandoning module OculusInput (390)
[2018.11.02-20.28.52:553][622]LogModuleManager: Shutting down and abandoning module MobilePatchingUtils (388)
[2018.11.02-20.28.52:553][622]LogModuleManager: Shutting down and abandoning module EditableMesh (386)
[2018.11.02-20.28.52:559][622]LogModuleManager: Shutting down and abandoning module CustomMeshComponent (384)
[2018.11.02-20.28.52:559][622]LogModuleManager: Shutting down and abandoning module CableComponent (382)
[2018.11.02-20.28.52:559][622]LogModuleManager: Shutting down and abandoning module AudioCapture (380)
[2018.11.02-20.28.52:559][622]LogModuleManager: Shutting down and abandoning module ArchVisCharacter (378)
[2018.11.02-20.28.52:559][622]LogModuleManager: Shutting down and abandoning module AndroidPermission (376)
[2018.11.02-20.28.52:559][622]LogModuleManager: Shutting down and abandoning module NUTUnrealEngine4 (374)
[2018.11.02-20.28.52:559][622]LogModuleManager: Shutting down and abandoning module NetcodeUnitTest (372)
[2018.11.02-20.28.52:585][622]LogModuleManager: Shutting down and abandoning module MediaCompositingEditor (370)
[2018.11.02-20.28.52:585][622]LogModuleManager: Shutting down and abandoning module MediaCompositing (368)
[2018.11.02-20.28.52:585][622]LogModuleManager: Shutting down and abandoning module LinearTimecode (366)
[2018.11.02-20.28.52:585][622]LogModuleManager: Shutting down and abandoning module ImgMedia (364)
[2018.11.02-20.28.52:607][622]LogModuleManager: Shutting down and abandoning module HTML5Networking (362)
[2018.11.02-20.28.52:607][622]LogModuleManager: Shutting down and abandoning module GeometryCacheTracks (360)
[2018.11.02-20.28.52:607][622]LogModuleManager: Shutting down and abandoning module GeometryCacheSequencer (358)
[2018.11.02-20.28.52:607][622]LogModuleManager: Shutting down and abandoning module BackChannel (356)
[2018.11.02-20.28.52:612][622]LogModuleManager: Shutting down and abandoning module AppleVision (354)
[2018.11.02-20.28.52:612][622]LogModuleManager: Shutting down and abandoning module AppleImageUtils (352)
[2018.11.02-20.28.52:612][622]LogModuleManager: Shutting down and abandoning module AlembicImporter (350)
[2018.11.02-20.28.52:612][622]LogModuleManager: Shutting down and abandoning module AlembicLibrary (349)
[2018.11.02-20.28.52:612][622]LogModuleManager: Shutting down and abandoning module GeometryCache (348)
[2018.11.02-20.28.52:612][622]LogModuleManager: Shutting down and abandoning module GeometryCacheEd (347)
[2018.11.02-20.28.52:613][622]LogModuleManager: Shutting down and abandoning module DatasmithContentEditor (342)
[2018.11.02-20.28.52:615][622]LogModuleManager: Shutting down and abandoning module DatasmithContent (340)
[2018.11.02-20.28.52:617][622]LogModuleManager: Shutting down and abandoning module SpeedTreeImporter (338)
[2018.11.02-20.28.52:617][622]LogModuleManager: Shutting down and abandoning module PluginBrowser (336)
[2018.11.02-20.28.52:645][622]LogModuleManager: Shutting down and abandoning module MobileLauncherProfileWizard (334)
[2018.11.02-20.28.52:655][622]LogModuleManager: Shutting down and abandoning module PolygonModeling (332)
[2018.11.02-20.28.52:655][622]LogModuleManager: Shutting down and abandoning module MeshEditor (330)
[2018.11.02-20.28.52:660][622]LogModuleManager: Shutting down and abandoning module CryptoKeysOpenSSL (328)
[2018.11.02-20.28.52:671][622]LogModuleManager: Shutting down and abandoning module CryptoKeys (326)
[2018.11.02-20.28.52:671][622]LogModuleManager: Shutting down and abandoning module VisualStudioSourceCodeAccess (324)
[2018.11.02-20.28.52:671][622]LogModuleManager: Shutting down and abandoning module VisualStudioCodeSourceCodeAccess (322)
[2018.11.02-20.28.52:671][622]LogModuleManager: Shutting down and abandoning module UObjectPlugin (320)
[2018.11.02-20.28.52:671][622]LogModuleManager: Shutting down and abandoning module SubversionSourceControl (318)
[2018.11.02-20.28.52:680][622]LogModuleManager: Shutting down and abandoning module PerforceSourceControl (316)
[2018.11.02-20.28.52:701][622]LogModuleManager: Shutting down and abandoning module GitSourceControl (314)
[2018.11.02-20.28.52:718][622]LogModuleManager: Shutting down and abandoning module SourceControl (313)
[2018.11.02-20.28.52:729][622]LogModuleManager: Shutting down and abandoning module CLionSourceCodeAccess (310)
[2018.11.02-20.28.52:729][622]LogModuleManager: Shutting down and abandoning module LightPropagationVolumeEditor (308)
[2018.11.02-20.28.52:729][622]LogModuleManager: Shutting down and abandoning module PaperTiledImporter (306)
[2018.11.02-20.28.52:729][622]LogModuleManager: Shutting down and abandoning module PaperSpriteSheetImporter (304)
[2018.11.02-20.28.52:729][622]LogModuleManager: Shutting down and abandoning module Paper2DEditor (302)
[2018.11.02-20.28.52:745][622]LogModuleManager: Shutting down and abandoning module MeshPaint (301)
[2018.11.02-20.28.52:755][622]LogModuleManager: Shutting down and abandoning module RuntimePhysXCooking (298)
[2018.11.02-20.28.52:755][622]LogModuleManager: Shutting down and abandoning module PhysXVehiclesEditor (296)
[2018.11.02-20.28.52:755][622]LogModuleManager: Shutting down and abandoning module PhysXVehicles (294)
[2018.11.02-20.28.52:756][622]LogModuleManager: Shutting down and abandoning module OculusEditor (292)
[2018.11.02-20.28.52:763][622]LogModuleManager: Shutting down and abandoning module LocationServicesBPLibrary (290)
[2018.11.02-20.28.52:763][622]LogModuleManager: Shutting down and abandoning module ImmediatePhysicsEditor (288)
[2018.11.02-20.28.52:764][622]LogModuleManager: Shutting down and abandoning module ImmediatePhysics (286)
[2018.11.02-20.28.52:775][622]LogModuleManager: Shutting down and abandoning module ActorSequence (284)
[2018.11.02-20.28.52:775][622]LogModuleManager: Shutting down and abandoning module UdpMessaging (282)
[2018.11.02-20.28.52:876][622]LogModuleManager: Shutting down and abandoning module TcpMessaging (280)
[2018.11.02-20.28.52:981][622]LogModuleManager: Shutting down and abandoning module MagicLeapAudio (278)
[2018.11.02-20.28.52:981][622]LogModuleManager: Shutting down and abandoning module GameplayTagsEditor (276)
[2018.11.02-20.28.53:002][622]LogModuleManager: Shutting down and abandoning module FacialAnimationEditor (274)
[2018.11.02-20.28.53:002][622]LogModuleManager: Shutting down and abandoning module FacialAnimation (272)
[2018.11.02-20.28.53:002][622]LogModuleManager: Shutting down and abandoning module DataValidation (270)
[2018.11.02-20.28.53:002][622]LogModuleManager: Shutting down and abandoning module AssetManagerEditor (268)
[2018.11.02-20.28.53:021][622]LogModuleManager: Shutting down and abandoning module LevelEditor (267)
[2018.11.02-20.28.53:042][622]LogModuleManager: Shutting down and abandoning module PixelInspectorModule (266)
[2018.11.02-20.28.53:048][622]LogModuleManager: Shutting down and abandoning module CommonMenuExtensions (264)
[2018.11.02-20.28.53:049][622]LogModuleManager: Shutting down and abandoning module MainFrame (262)
[2018.11.02-20.28.53:057][622]LogModuleManager: Shutting down and abandoning module HotReload (261)
[2018.11.02-20.28.53:063][622]LogModuleManager: Shutting down and abandoning module ContentBrowser (257)
[2018.11.02-20.28.53:083][622]LogModuleManager: Shutting down and abandoning module TreeMap (255)
[2018.11.02-20.28.53:094][622]LogModuleManager: Shutting down and abandoning module LightPropagationVolumeRuntime (252)
[2018.11.02-20.28.53:094][622]LogModuleManager: Shutting down and abandoning module AISupportModule (250)
[2018.11.02-20.28.53:094][622]LogModuleManager: Shutting down and abandoning module Paper2D (248)
[2018.11.02-20.28.53:104][622]LogModuleManager: Shutting down and abandoning module WindowsMoviePlayer (246)
[2018.11.02-20.28.53:111][622]LogModuleManager: Shutting down and abandoning module WmfMedia (244)
[2018.11.02-20.28.53:121][622]LogModuleManager: Shutting down and abandoning module Media (243)
[2018.11.02-20.28.53:129][622]LogModuleManager: Shutting down and abandoning module PacketHandler (240)
[2018.11.02-20.28.53:129][622]LogModuleManager: Shutting down and abandoning module ClothingSystemEditor (238)
[2018.11.02-20.28.53:129][622]LogModuleManager: Shutting down and abandoning module ClothingSystemRuntime (236)
[2018.11.02-20.28.53:135][622]LogModuleManager: Shutting down and abandoning module MediaAssets (234)
[2018.11.02-20.28.53:135][622]LogModuleManager: Shutting down and abandoning module Overlay (232)
[2018.11.02-20.28.53:135][622]LogModuleManager: Shutting down and abandoning module OverlayEditor (231)
[2018.11.02-20.28.53:135][622]LogModuleManager: Shutting down and abandoning module VREditor (228)
[2018.11.02-20.28.53:145][622]LogModuleManager: Shutting down and abandoning module StringTableEditor (226)
[2018.11.02-20.28.53:159][622]LogModuleManager: Shutting down and abandoning module GameplayTasksEditor (224)
[2018.11.02-20.28.53:159][622]LogModuleManager: Shutting down and abandoning module BehaviorTreeEditor (222)
[2018.11.02-20.28.53:177][622]LogModuleManager: Shutting down and abandoning module FunctionalTesting (220)
[2018.11.02-20.28.53:182][622]LogModuleManager: Shutting down and abandoning module CollisionAnalyzer (218)
[2018.11.02-20.28.53:195][622]LogModuleManager: Shutting down and abandoning module WorkspaceMenuStructure (217)
[2018.11.02-20.28.53:195][622]LogModuleManager: Shutting down and abandoning module UMG (214)
[2018.11.02-20.28.53:208][622]LogModuleManager: Shutting down and abandoning module UMGEditor (213)
[2018.11.02-20.28.53:225][622]LogModuleManager: Shutting down and abandoning module Sequencer (212)
[2018.11.02-20.28.53:259][622]LogModuleManager: Shutting down and abandoning module MessageLog (209)
[2018.11.02-20.28.53:259][622]LogModuleManager: Shutting down and abandoning module SlateReflector (204)
[2018.11.02-20.28.53:293][622]LogModuleManager: Shutting down and abandoning module Slate (202)
[2018.11.02-20.28.53:293][622]LogModuleManager: Shutting down and abandoning module EditorStyle (200)
[2018.11.02-20.28.53:304][622]LogModuleManager: Shutting down and abandoning module MRMesh (198)
[2018.11.02-20.28.53:308][622]LogModuleManager: Shutting down and abandoning module SourceCodeAccess (196)
[2018.11.02-20.28.53:308][622]LogModuleManager: Shutting down and abandoning module HeadMountedDisplay (194)
[2018.11.02-20.28.53:308][622]LogModuleManager: Shutting down and abandoning module XAudio2 (192)
[2018.11.02-20.28.53:308][622]LogModuleManager: Shutting down and abandoning module Networking (190)
[2018.11.02-20.28.53:308][622]LogModuleManager: Shutting down and abandoning module Core (188)
[2018.11.02-20.28.53:308][622]LogModuleManager: Shutting down and abandoning module LevelSequence (186)
[2018.11.02-20.28.53:308][622]LogModuleManager: Shutting down and abandoning module KismetCompiler (184)
[2018.11.02-20.28.53:308][622]LogModuleManager: Shutting down and abandoning module MeshUtilities (182)
[2018.11.02-20.28.53:319][622]LogModuleManager: Shutting down and abandoning module MeshMergeUtilities (181)
[2018.11.02-20.28.53:325][622]LogModuleManager: Shutting down and abandoning module MeshReductionInterface (180)
[2018.11.02-20.28.53:326][622]LogModuleManager: Shutting down and abandoning module SimplygonSwarm (179)
[2018.11.02-20.28.53:332][622]LogModuleManager: Shutting down and abandoning module ProxyLODMeshReduction (177)
[2018.11.02-20.28.53:342][622]LogModuleManager: Shutting down and abandoning module SimplygonMeshReduction (175)
[2018.11.02-20.28.53:343][622]LogModuleManager: Shutting down and abandoning module QuadricMeshReduction (173)
[2018.11.02-20.28.53:358][622]LogModuleManager: Shutting down and abandoning module MaterialBaking (169)
[2018.11.02-20.28.53:369][622]LogModuleManager: Shutting down and abandoning module DirectoryWatcher (165)
[2018.11.02-20.28.53:371][622]LogModuleManager: Shutting down and abandoning module DerivedDataCache (162)
[2018.11.02-20.28.53:410][622]LogDerivedDataCache: Shutdown
[2018.11.02-20.28.53:411][622]LogModuleManager: Shutting down and abandoning module XGEController (160)
[2018.11.02-20.28.53:411][622]LogXGEController: Cleaning working directory: C:/Users/gabri/AppData/Local/Temp/UnrealXGEWorkingDir/
[2018.11.02-20.28.53:420][622]LogModuleManager: Shutting down and abandoning module TargetPlatform (158)
[2018.11.02-20.28.53:421][622]LogModuleManager: Shutting down and abandoning module VulkanShaderFormat (157)
[2018.11.02-20.28.53:426][622]LogModuleManager: Shutting down and abandoning module ShaderFormatVectorVM (155)
[2018.11.02-20.28.53:436][622]LogModuleManager: Shutting down and abandoning module ShaderFormatOpenGL (153)
[2018.11.02-20.28.53:443][622]LogModuleManager: Shutting down and abandoning module ShaderFormatD3D (151)
[2018.11.02-20.28.53:443][622]LogModuleManager: Shutting down and abandoning module MetalShaderFormat (149)
[2018.11.02-20.28.53:453][622]LogModuleManager: Shutting down and abandoning module TextureFormatUncompressed (147)
[2018.11.02-20.28.53:453][622]LogModuleManager: Shutting down and abandoning module TextureFormatPVR (145)
[2018.11.02-20.28.53:453][622]LogModuleManager: Shutting down and abandoning module TextureFormatDXT (143)
[2018.11.02-20.28.53:462][622]LogModuleManager: Shutting down and abandoning module TextureFormatIntelISPCTexComp (141)
[2018.11.02-20.28.53:470][622]LogModuleManager: Shutting down and abandoning module TextureFormatASTC (139)
[2018.11.02-20.28.53:471][622]LogModuleManager: Shutting down and abandoning module ImageWrapper (138)
[2018.11.02-20.28.53:471][622]LogModuleManager: Shutting down and abandoning module TextureFormatAndroid (135)
[2018.11.02-20.28.53:471][622]LogModuleManager: Shutting down and abandoning module AudioFormatOpus (133)
[2018.11.02-20.28.53:471][622]LogModuleManager: Shutting down and abandoning module AudioFormatOgg (131)
[2018.11.02-20.28.53:471][622]LogModuleManager: Shutting down and abandoning module AudioFormatADPCM (129)
[2018.11.02-20.28.53:471][622]LogModuleManager: Shutting down and abandoning module LuminTargetPlatform (127)
[2018.11.02-20.28.53:472][622]LogModuleManager: Shutting down and abandoning module LinuxTargetPlatform (125)
[2018.11.02-20.28.53:472][622]LogModuleManager: Shutting down and abandoning module LinuxServerTargetPlatform (123)
[2018.11.02-20.28.53:473][622]LogModuleManager: Shutting down and abandoning module LinuxNoEditorTargetPlatform (121)
[2018.11.02-20.28.53:482][622]LogModuleManager: Shutting down and abandoning module LinuxClientTargetPlatform (119)
[2018.11.02-20.28.53:485][622]LogModuleManager: Shutting down and abandoning module TVOSTargetPlatform (117)
[2018.11.02-20.28.53:503][622]LogModuleManager: Shutting down and abandoning module Messaging (115)
[2018.11.02-20.28.53:503][622]LogModuleManager: Shutting down and abandoning module IOSTargetPlatform (113)
[2018.11.02-20.28.53:517][622]LogModuleManager: Shutting down and abandoning module HTML5TargetPlatform (111)
[2018.11.02-20.28.53:518][622]LogModuleManager: Shutting down and abandoning module AndroidTargetPlatform (109)
[2018.11.02-20.28.53:641][622]LogModuleManager: Shutting down and abandoning module WindowsTargetPlatform (107)
[2018.11.02-20.28.53:641][622]LogModuleManager: Shutting down and abandoning module WindowsServerTargetPlatform (105)
[2018.11.02-20.28.53:641][622]LogModuleManager: Shutting down and abandoning module WindowsNoEditorTargetPlatform (103)
[2018.11.02-20.28.53:642][622]LogModuleManager: Shutting down and abandoning module WindowsClientTargetPlatform (101)
[2018.11.02-20.28.53:643][622]LogModuleManager: Shutting down and abandoning module MacTargetPlatform (99)
[2018.11.02-20.28.53:643][622]LogModuleManager: Shutting down and abandoning module MacServerTargetPlatform (97)
[2018.11.02-20.28.53:644][622]LogModuleManager: Shutting down and abandoning module MacNoEditorTargetPlatform (95)
[2018.11.02-20.28.53:644][622]LogModuleManager: Shutting down and abandoning module MacClientTargetPlatform (93)
[2018.11.02-20.28.53:644][622]LogModuleManager: Shutting down and abandoning module AllDesktopTargetPlatform (91)
[2018.11.02-20.28.53:644][622]LogModuleManager: Shutting down and abandoning module InputCore (88)
[2018.11.02-20.28.53:644][622]LogModuleManager: Shutting down and abandoning module Settings (86)
[2018.11.02-20.28.53:644][622]LogModuleManager: Shutting down and abandoning module PhysXCooking (84)
[2018.11.02-20.28.53:644][622]LogModuleManager: Shutting down and abandoning module SteamVR (82)
[2018.11.02-20.28.53:645][622]LogModuleManager: Shutting down and abandoning module OculusHMD (80)
[2018.11.02-20.28.53:655][622]LogModuleManager: Shutting down and abandoning module ExampleDeviceProfileSelector (78)
[2018.11.02-20.28.53:656][622]LogModuleManager: Shutting down and abandoning module LauncherChunkInstaller (76)
[2018.11.02-20.28.53:656][622]LogModuleManager: Shutting down and abandoning module OnlineBlueprintSupport (74)
[2018.11.02-20.28.53:656][622]LogModuleManager: Shutting down and abandoning module OnlineSubsystem (70)
[2018.11.02-20.28.53:665][622]LogModuleManager: Shutting down and abandoning module XMPP (65)
[2018.11.02-20.28.53:676][622]LogModuleManager: Shutting down and abandoning module WebSockets (64)
[2018.11.02-20.28.53:721][622]LogModuleManager: Shutting down and abandoning module HTTP (61)
[2018.11.02-20.28.53:731][622]LogHttp: Display: Http module shutting down, but needs to wait on 1 outstanding Http requests:
[2018.11.02-20.28.53:731][622]LogHttp: Display: 	verb=[POST] url=[https://datarouter.ol.epicgames.com/datarouter/api/v1/public/data?SessionID=%7B86029663-41C7-0676-FE91-9782601F174F%7D&AppID=UEEditor.Rocket.Release&AppVersion=4.20.1-4233996%2B%2B%2BUE4%2BRelease-4.20&UserID=d3fc04ed4c347ca508e7ab855cf2d9f2%7C6f3f1ee9a34249bba57fc108327251d4%7C56949de9-66cf-4242-8a7f-be7e471d8a23&AppEnvironment=datacollector-binary&UploadType=eteventstream] status=Processing
[2018.11.02-20.28.53:760][622]LogModuleManager: Shutting down and abandoning module SSL (60)
[2018.11.02-20.28.53:816][622]LogModuleManager: Shutting down and abandoning module MagicLeapEmulator (56)
[2018.11.02-20.28.53:816][622]LogModuleManager: Shutting down and abandoning module MagicLeapPrivileges (54)
[2018.11.02-20.28.53:816][622]LogModuleManager: Shutting down and abandoning module MagicLeapIdentity (52)
[2018.11.02-20.28.53:816][622]LogModuleManager: Shutting down and abandoning module MagicLeapHelperVulkan (50)
[2018.11.02-20.28.53:817][622]LogModuleManager: Shutting down and abandoning module MagicLeapHelperOpenGL (48)
[2018.11.02-20.28.53:817][622]LogModuleManager: Shutting down and abandoning module MagicLeapSecureStorage (46)
[2018.11.02-20.28.53:817][622]LogModuleManager: Shutting down and abandoning module MagicLeapGestures (44)
[2018.11.02-20.28.53:817][622]LogModuleManager: Shutting down and abandoning module MagicLeapEyeTracker (42)
[2018.11.02-20.28.53:817][622]LogModuleManager: Shutting down and abandoning module MagicLeapController (40)
[2018.11.02-20.28.53:818][622]LogSlate: Slate User Destroyed.  User Index 0, Is Virtual User: 0
[2018.11.02-20.28.53:819][622]LogModuleManager: Shutting down and abandoning module MagicLeap (38)
[2018.11.02-20.28.53:838][622]LogModuleManager: Shutting down and abandoning module AnimationModifiers (36)
[2018.11.02-20.28.53:862][622]LogModuleManager: Shutting down and abandoning module PropertyEditor (35)
[2018.11.02-20.28.53:863][622]LogModuleManager: Shutting down and abandoning module AudioEditor (32)
[2018.11.02-20.28.53:881][622]LogModuleManager: Shutting down and abandoning module TextureCompressor (30)
[2018.11.02-20.28.53:903][622]LogModuleManager: Shutting down and abandoning module ShaderCore (28)
[2018.11.02-20.28.53:903][622]LogModuleManager: Shutting down and abandoning module Landscape (26)
[2018.11.02-20.28.53:903][622]LogModuleManager: Shutting down and abandoning module SlateRHIRenderer (24)
[2018.11.02-20.28.53:916][622]LogModuleManager: Shutting down and abandoning module OpenGLDrv (22)
[2018.11.02-20.28.53:925][622]LogModuleManager: Shutting down and abandoning module D3D11RHI (20)
[2018.11.02-20.28.53:925][622]LogModuleManager: Shutting down and abandoning module AnimGraphRuntime (18)
[2018.11.02-20.28.53:936][622]LogModuleManager: Shutting down and abandoning module Renderer (16)
[2018.11.02-20.28.53:936][622]LogModuleManager: Shutting down and abandoning module Engine (14)
[2018.11.02-20.28.53:936][622]LogModuleManager: Shutting down and abandoning module CoreUObject (12)
[2018.11.02-20.28.53:942][622]LogModuleManager: Shutting down and abandoning module NetworkFile (10)
[2018.11.02-20.28.53:948][622]LogModuleManager: Shutting down and abandoning module CookedIterativeFile (8)
[2018.11.02-20.28.53:949][622]LogModuleManager: Shutting down and abandoning module StreamingFile (6)
[2018.11.02-20.28.53:951][622]LogModuleManager: Shutting down and abandoning module SandboxFile (4)
[2018.11.02-20.28.53:952][622]LogModuleManager: Shutting down and abandoning module PakFile (2)
[2018.11.02-20.28.53:979][622]LogExit: Exiting.
[2018.11.02-20.28.54:092][622]Log file closed, 11/02/18 17:28:54
